<?xml version="1.0" encoding="UTF-8"?>
<!-- Generated by org.testng.reporters.JUnitXMLReporter -->
<testsuite hostname="DESKTOP-3TK8165" name="Surefire test" tests="3" failures="0" timestamp="26 Mar 2022 10:04:21 GMT" time="24.546" errors="0">
  <testcase name="Test1" time="6.984" classname="com.cicd.demoproject.TestClass1"/>
  <testcase name="Test2" time="3.001" classname="com.cicd.demoproject.TestClass1"/>
  <testcase name="Test3" time="2.927" classname="com.cicd.demoproject.TestClass1"/>
</testsuite> <!-- Surefire test -->
