<?xml version="1.0" encoding="UTF-8"?>
<!-- Generated by org.testng.reporters.JUnitXMLReporter -->
<testsuite ignored="0" hostname="DESKTOP-3TK8165" failures="0" tests="3" name="Default test" time="18.595" errors="0" timestamp="2022-03-26T15:05:47 IST">
  <testcase classname="com.cicd.demoproject.TestClass1" name="Test1" time="5.538"/>
  <testcase classname="com.cicd.demoproject.TestClass1" name="Test2" time="2.641"/>
  <testcase classname="com.cicd.demoproject.TestClass1" name="Test3" time="2.521"/>
</testsuite> <!-- Default test -->
