<?xml version="1.0" encoding="UTF-8"?>
<!-- Generated by org.testng.reporters.JUnitXMLReporter -->
<testsuite hostname="DESKTOP-3TK8165" ignored="0" name="Test" tests="3" failures="0" timestamp="2022-03-26T15:50:08 IST" time="21.796" errors="0">
  <testcase name="Test1" time="4.172" classname="com.cicd.demoproject.TestClass1"/>
  <testcase name="Test2" time="2.881" classname="com.cicd.demoproject.TestClass1"/>
  <testcase name="Test3" time="2.797" classname="com.cicd.demoproject.TestClass1"/>
</testsuite> <!-- Test -->
