<?xml version="1.0" encoding="UTF-8"?>
<testsuite xmlns:xsi="http://www.w3.org/2001/XMLSchema-instance" xsi:noNamespaceSchemaLocation="https://maven.apache.org/surefire/maven-surefire-plugin/xsd/surefire-test-report.xsd" name="com.cicd.demoproject.TestClass1" time="25.377" tests="3" errors="0" skipped="0" failures="0">
  <properties>
[...]
</properties>
  <testcase name="Test1" classname="com.cicd.demoproject.TestClass1" time="6.981"/>
  <testcase name="Test2" classname="com.cicd.demoproject.TestClass1" time="3"/>
  <testcase name="Test3" classname="com.cicd.demoproject.TestClass1" time="2.927"/>
</testsuite>