<?xml version="1.0" encoding="UTF-8"?>
<testng-results skipped="0" failed="0" ignored="0" total="3" passed="3">
  <reporter-output>
  </reporter-output>
  <suite name="Suite" duration-ms="21796" started-at="2022-03-26T15:49:46 IST" finished-at="2022-03-26T15:50:08 IST">
    <groups>
    </groups>
    <test name="Test" duration-ms="21796" started-at="2022-03-26T15:49:46 IST" finished-at="2022-03-26T15:50:08 IST">
      <class name="com.cicd.demoproject.TestClass1">
        <test-method status="PASS" signature="launchDriver()[pri:0, instance:com.cicd.demoproject.TestClass1@32d2fa64]" name="launchDriver" is-config="true" duration-ms="6124" started-at="2022-03-26T15:49:46 IST" finished-at="2022-03-26T15:49:52 IST">
          <reporter-output>
          </reporter-output>
        </test-method> <!-- launchDriver -->
        <test-method status="PASS" signature="Test1()[pri:0, instance:com.cicd.demoproject.TestClass1@32d2fa64]" name="Test1" duration-ms="4172" started-at="2022-03-26T15:49:52 IST" finished-at="2022-03-26T15:49:56 IST">
          <reporter-output>
          </reporter-output>
        </test-method> <!-- Test1 -->
        <test-method status="PASS" signature="quit()[pri:0, instance:com.cicd.demoproject.TestClass1@32d2fa64]" name="quit" is-config="true" duration-ms="877" started-at="2022-03-26T15:49:56 IST" finished-at="2022-03-26T15:49:57 IST">
          <reporter-output>
          </reporter-output>
        </test-method> <!-- quit -->
        <test-method status="PASS" signature="launchDriver()[pri:0, instance:com.cicd.demoproject.TestClass1@32d2fa64]" name="launchDriver" is-config="true" duration-ms="1757" started-at="2022-03-26T15:49:57 IST" finished-at="2022-03-26T15:49:59 IST">
          <reporter-output>
          </reporter-output>
        </test-method> <!-- launchDriver -->
        <test-method status="PASS" signature="Test2()[pri:0, instance:com.cicd.demoproject.TestClass1@32d2fa64]" name="Test2" duration-ms="2881" started-at="2022-03-26T15:49:59 IST" finished-at="2022-03-26T15:50:02 IST">
          <reporter-output>
          </reporter-output>
        </test-method> <!-- Test2 -->
        <test-method status="PASS" signature="quit()[pri:0, instance:com.cicd.demoproject.TestClass1@32d2fa64]" name="quit" is-config="true" duration-ms="717" started-at="2022-03-26T15:50:02 IST" finished-at="2022-03-26T15:50:03 IST">
          <reporter-output>
          </reporter-output>
        </test-method> <!-- quit -->
        <test-method status="PASS" signature="launchDriver()[pri:0, instance:com.cicd.demoproject.TestClass1@32d2fa64]" name="launchDriver" is-config="true" duration-ms="1513" started-at="2022-03-26T15:50:03 IST" finished-at="2022-03-26T15:50:04 IST">
          <reporter-output>
          </reporter-output>
        </test-method> <!-- launchDriver -->
        <test-method status="PASS" signature="Test3()[pri:0, instance:com.cicd.demoproject.TestClass1@32d2fa64]" name="Test3" duration-ms="2797" started-at="2022-03-26T15:50:04 IST" finished-at="2022-03-26T15:50:07 IST">
          <reporter-output>
          </reporter-output>
        </test-method> <!-- Test3 -->
        <test-method status="PASS" signature="quit()[pri:0, instance:com.cicd.demoproject.TestClass1@32d2fa64]" name="quit" is-config="true" duration-ms="894" started-at="2022-03-26T15:50:07 IST" finished-at="2022-03-26T15:50:08 IST">
          <reporter-output>
          </reporter-output>
        </test-method> <!-- quit -->
      </class> <!-- com.cicd.demoproject.TestClass1 -->
    </test> <!-- Test -->
  </suite> <!-- Suite -->
</testng-results>
